Arguments: 
  /usr/local/bin/node /usr/local/bin/yarn install

PATH: 
  /home/nikolay/bin:/usr/local/sbin:/usr/local/bin:/usr/sbin:/usr/bin:/sbin:/bin:/usr/games:/usr/local/games:/snap/bin:/home/nikolay/JobProjects/Old/test-stoic/node_modules/.bin

Yarn version: 
  1.22.11

Node version: 
  16.13.1

Platform: 
  linux x64

Trace: 
  Error: https://registry.yarnpkg.com/@psychedelic%2fdab-js: Not found
      at Request.params.callback [as _callback] (/usr/local/lib/node_modules/yarn/lib/cli.js:66992:18)
      at Request.self.callback (/usr/local/lib/node_modules/yarn/lib/cli.js:140763:22)
      at Request.emit (node:events:390:28)
      at Request.<anonymous> (/usr/local/lib/node_modules/yarn/lib/cli.js:141735:10)
      at Request.emit (node:events:390:28)
      at IncomingMessage.<anonymous> (/usr/local/lib/node_modules/yarn/lib/cli.js:141657:12)
      at Object.onceWrapper (node:events:509:28)
      at IncomingMessage.emit (node:events:402:35)
      at endReadableNT (node:internal/streams/readable:1343:12)
      at processTicksAndRejections (node:internal/process/task_queues:83:21)

npm manifest: 
  {
    "name": "test-stoic",
    "version": "0.1.0",
    "private": true,
    "dependencies": {
      "@testing-library/jest-dom": "^5.16.1",
      "@testing-library/react": "^12.1.2",
      "@testing-library/user-event": "^13.5.0",
      "react": "^17.0.2",
      "react-dom": "^17.0.2",
      "react-scripts": "5.0.0",
      "web-vitals": "^2.1.4",
          "@psychedelic/dab-js": "^0.4.4",
          "@psychedelic/plug-controller": "^0.14.3",
          "@dfinity/agent": "^0.9.3",
          "@dfinity/principal": "^0.9.3",
          "@psychedelic/dab-js": "^0.4.4",
          "@psychedelic/plug-controller": "^0.14.3",
          "axios": "^0.25.0",
          "bignumber.js": "^9.0.2",
          "bootstrap": "^5.1.3",
          "browserify": "^17.0.0",
          "buffer": "^6.0.3",
          "cross-fetch": "^3.1.4",
          "ic-stoic-identity": "^2.0.0",
          "json-bigint": "^1.0.0",
          "lodash": "^4.17.21",
          "react-bootstrap": "^2.1.1",
          "react-notifications": "^1.7.3",
          "react-router-dom": "^6.2.1",
          "storeon": "^3.1.4"
    },
    "scripts": {
      "start": "react-scripts start",
      "build": "react-scripts build",
      "test": "react-scripts test",
      "eject": "react-scripts eject"
    },
    "eslintConfig": {
      "extends": [
        "react-app",
        "react-app/jest"
      ]
    },
    "browserslist": {
      "production": [
        ">0.2%",
        "not dead",
        "not op_mini all"
      ],
      "development": [
        "last 1 chrome version",
        "last 1 firefox version",
        "last 1 safari version"
      ]
    },
      "devDependencies": {
          "sass": "^1.48.0"
      }
  }

yarn manifest: 
  No manifest

Lockfile: 
  No lockfile
